src/android/app/build/outputs/logs/manifest-merger-release-report.txt
-- Merging decision tree log ---
manifest
ADDED from src\main\AndroidManifest.xml:2:1-37:12
INJECTED from src\main\AndroidManifest.xml:2:1-37:12
INJECTED from src\main\AndroidManifest.xml:2:1-37:12
INJECTED from src\main\AndroidManifest.xml:2:1-37:12
MERGED from [com.microsoft.identity.client:msal:5.0.0] AndroidManifest.xml:2:1-40:12
MERGED from [com.microsoft.identity:common:17.0.0] AndroidManifest.xml:2:1-64:12
MERGED from [androidx.appcompat:appcompat:1.1.0] AndroidManifest.xml:17:1-24:12
MERGED from [androidx.browser:browser:1.0.0] AndroidManifest.xml:17:1-22:12
MERGED from [androidx.compose.material3:material3-android:1.2.1] AndroidManifest.xml:17:1-22:12
MERGED from [androidx.activity:activity-compose:1.9.0] AndroidManifest.xml:2:1-7:12
MERGED from [androidx.compose.animation:animation-core-android:1.6.8] AndroidManifest.xml:2:1-7:12
MERGED from [androidx.compose.material:material-icons-core-android:1.6.8] AndroidManifest.xml:2:1-7:12
MERGED from [androidx.compose.material:material-ripple-android:1.6.8] AndroidManifest.xml:2:1-7:12
MERGED from [androidx.compose.animation:animation-android:1.6.8] AndroidManifest.xml:2:1-7:12
MERGED from [androidx.compose.foundation:foundation-layout-android:1.6.8] AndroidManifest.xml:2:1-7:12
MERGED from [androidx.compose.foundation:foundation-android:1.6.8] AndroidManifest.xml:2:1-7:12
MERGED from [androidx.compose.ui:ui-unit-android:1.6.8] AndroidManifest.xml:2:1-7:12
MERGED from [androidx.compose.ui:ui-geometry-android:1.6.8] AndroidManifest.xml:2:1-7:12
MERGED from [androidx.compose.ui:ui-util-android:1.6.8] AndroidManifest.xml:2:1-7:12
MERGED from [androidx.compose.ui:ui-text-android:1.6.8] AndroidManifest.xml:2:1-7:12
MERGED from [androidx.compose.ui:ui-tooling-preview-android:1.6.8] AndroidManifest.xml:17:1-22:12
MERGED from [androidx.compose.ui:ui-graphics-android:1.6.8] AndroidManifest.xml:2:1-7:12
MERGED from [androidx.compose.ui:ui-android:1.6.8] AndroidManifest.xml:2:1-7:12
MERGED from [androidx.activity:activity-ktx:1.9.0] AndroidManifest.xml:2:1-7:12
MERGED from [androidx.credentials:credentials:1.2.0] AndroidManifest.xml:2:1-7:12
MERGED from [androidx.credentials:credentials-play-services-auth:1.2.0] AndroidManifest.xml:17:1-44:12
MERGED from [com.google.android.gms:play-services-auth:20.7.0] AndroidManifest.xml:17:1-40:12
MERGED from [com.google.android.gms:play-services-fido:20.1.0] AndroidManifest.xml:2:1-10:12
MERGED from [com.google.android.gms:play-services-auth-api-phone:18.0.1] AndroidManifest.xml:2:1-7:12
MERGED from [com.google.android.gms:play-services-auth-base:18.0.4] AndroidManifest.xml:2:1-7:12
MERGED from [com.google.android.gms:play-services-base:18.0.1] AndroidManifest.xml:16:1-24:12
MERGED from [com.google.android.gms:play-services-tasks:18.0.1] AndroidManifest.xml:2:1-6:12
MERGED from [com.google.android.gms:play-services-basement:18.2.0] AndroidManifest.xml:16:1-26:12
MERGED from [androidx.fragment:fragment:1.3.2] AndroidManifest.xml:17:1-24:12
MERGED from [androidx.activity:activity:1.9.0] AndroidManifest.xml:17:1-22:12
MERGED from [androidx.appcompat:appcompat-resources:1.1.0] AndroidManifest.xml:17:1-24:12
MERGED from [androidx.legacy:legacy-support-core-ui:1.0.0] AndroidManifest.xml:17:1-22:12
MERGED from [androidx.drawerlayout:drawerlayout:1.0.0] AndroidManifest.xml:17:1-22:12
MERGED from [androidx.autofill:autofill:1.0.0] AndroidManifest.xml:17:1-24:12
MERGED from [androidx.vectordrawable:vectordrawable-animated:1.1.0] AndroidManifest.xml:17:1-24:12
MERGED from [androidx.vectordrawable:vectordrawable:1.1.0] AndroidManifest.xml:17:1-24:12
MERGED from [androidx.viewpager:viewpager:1.0.0] AndroidManifest.xml:17:1-22:12
MERGED from [androidx.coordinatorlayout:coordinatorlayout:1.0.0] AndroidManifest.xml:17:1-22:12
MERGED from [androidx.slidingpanelayout:slidingpanelayout:1.0.0] AndroidManifest.xml:17:1-22:12
MERGED from [androidx.customview:customview:1.0.0] AndroidManifest.xml:17:1-22:12
MERGED from [androidx.legacy:legacy-support-core-utils:1.0.0] AndroidManifest.xml:17:1-22:12
MERGED from [androidx.swiperefreshlayout:swiperefreshlayout:1.0.0] AndroidManifest.xml:17:1-22:12
MERGED from [androidx.asynclayoutinflater:asynclayoutinflater:1.0.0] AndroidManifest.xml:17:1-22:12
MERGED from [androidx.loader:loader:1.0.0] AndroidManifest.xml:17:1-22:12
MERGED from [androidx.emoji2:emoji2:1.3.0] AndroidManifest.xml:17:1-35:12
MERGED from [androidx.core:core:1.13.1] AndroidManifest.xml:17:1-30:12
MERGED from [androidx.savedstate:savedstate-ktx:1.2.1] AndroidManifest.xml:17:1-22:12
MERGED from [androidx.savedstate:savedstate:1.2.1] AndroidManifest.xml:17:1-22:12
MERGED from [androidx.lifecycle:lifecycle-process:2.8.2] AndroidManifest.xml:17:1-35:12
MERGED from [androidx.lifecycle:lifecycle-livedata-core-ktx:2.8.2] AndroidManifest.xml:2:1-7:12
MERGED from [androidx.lifecycle:lifecycle-livedata:2.8.2] AndroidManifest.xml:17:1-22:12
MERGED from [androidx.lifecycle:lifecycle-livedata-core:2.8.2] AndroidManifest.xml:17:1-22:12
MERGED from [androidx.lifecycle:lifecycle-viewmodel:2.8.2] AndroidManifest.xml:2:1-5:12
MERGED from [androidx.lifecycle:lifecycle-viewmodel-android:2.8.2] AndroidManifest.xml:17:1-22:12
MERGED from [androidx.lifecycle:lifecycle-runtime-android:2.8.2] AndroidManifest.xml:17:1-22:12
MERGED from [androidx.lifecycle:lifecycle-viewmodel-ktx:2.8.2] AndroidManifest.xml:2:1-7:12
MERGED from [androidx.lifecycle:lifecycle-runtime-ktx-android:2.8.2] AndroidManifest.xml:2:1-7:12
MERGED from [androidx.lifecycle:lifecycle-viewmodel-savedstate:2.8.2] AndroidManifest.xml:17:1-22:12
MERGED from [androidx.customview:customview-poolingcontainer:1.0.0] AndroidManifest.xml:17:1-23:12
MERGED from [androidx.core:core-ktx:1.13.1] AndroidManifest.xml:2:1-7:12
MERGED from [androidx.annotation:annotation-experimental:1.4.0] AndroidManifest.xml:2:1-7:12
MERGED from [androidx.compose.runtime:runtime-saveable-android:1.6.8] AndroidManifest.xml:2:1-7:12
MERGED from [androidx.compose.runtime:runtime-android:1.6.8] AndroidManifest.xml:2:1-7:12
MERGED from [androidx.datastore:datastore-preferences:1.0.0] AndroidManifest.xml:17:1-24:12
MERGED from [androidx.interpolator:interpolator:1.0.0] AndroidManifest.xml:17:1-22:12
MERGED from [androidx.versionedparcelable:versionedparcelable:1.1.1] AndroidManifest.xml:17:1-27:12
MERGED from [androidx.cursoradapter:cursoradapter:1.0.0] AndroidManifest.xml:17:1-22:12
MERGED from [androidx.profileinstaller:profileinstaller:1.3.1] AndroidManifest.xml:17:1-55:12
MERGED from [androidx.startup:startup-runtime:1.1.1] AndroidManifest.xml:17:1-33:12
MERGED from [androidx.tracing:tracing:1.0.0] AndroidManifest.xml:17:1-24:12
MERGED from [androidx.datastore:datastore:1.0.0] AndroidManifest.xml:17:1-24:12
MERGED from [androidx.arch.core:core-runtime:2.2.0] AndroidManifest.xml:17:1-22:12
MERGED from [androidx.documentfile:documentfile:1.0.0] AndroidManifest.xml:17:1-22:12
MERGED from [androidx.localbroadcastmanager:localbroadcastmanager:1.0.0] AndroidManifest.xml:17:1-22:12
MERGED from [androidx.print:print:1.0.0] AndroidManifest.xml:17:1-22:12
MERGED from [com.google.android.libraries.identity.googleid:googleid:1.1.0] AndroidManifest.xml:2:1-7:12
MERGED from [androidx.constraintlayout:constraintlayout:1.1.3] AndroidManifest.xml:2:1-11:12
MERGED from [com.yubico.yubikit:android:2.3.0] AndroidManifest.xml:2:1-29:12
	package
		INJECTED from src\main\AndroidManifest.xml
	android:versionName
		INJECTED from src\main\AndroidManifest.xml
	android:versionCode
		INJECTED from src\main\AndroidManifest.xml
	xmlns:android
		ADDED from src\main\AndroidManifest.xml:2:11-69
uses-permission#android.permission.INTERNET
ADDED from src\main\AndroidManifest.xml:4:5-67
MERGED from [com.microsoft.identity.client:msal:5.0.0] AndroidManifest.xml:7:5-67
MERGED from [com.microsoft.identity.client:msal:5.0.0] AndroidManifest.xml:7:5-67
MERGED from [com.microsoft.identity:common:17.0.0] AndroidManifest.xml:9:5-67
MERGED from [com.microsoft.identity:common:17.0.0] AndroidManifest.xml:9:5-67
	android:name
		ADDED from src\main\AndroidManifest.xml:4:22-64
uses-permission#android.permission.ACCESS_NETWORK_STATE
ADDED from src\main\AndroidManifest.xml:5:5-79
MERGED from [com.microsoft.identity.client:msal:5.0.0] AndroidManifest.xml:8:5-79
MERGED from [com.microsoft.identity.client:msal:5.0.0] AndroidManifest.xml:8:5-79
MERGED from [com.microsoft.identity:common:17.0.0] AndroidManifest.xml:10:5-79
MERGED from [com.microsoft.identity:common:17.0.0] AndroidManifest.xml:10:5-79
	android:name
		ADDED from src\main\AndroidManifest.xml:5:22-76
application
ADDED from src\main\AndroidManifest.xml:7:5-36:19
INJECTED from src\main\AndroidManifest.xml:7:5-36:19
MERGED from [com.microsoft.identity.client:msal:5.0.0] AndroidManifest.xml:10:5-38:19
MERGED from [com.microsoft.identity.client:msal:5.0.0] AndroidManifest.xml:10:5-38:19
MERGED from [com.microsoft.identity:common:17.0.0] AndroidManifest.xml:43:5-62:19
MERGED from [com.microsoft.identity:common:17.0.0] AndroidManifest.xml:43:5-62:19
MERGED from [androidx.credentials:credentials-play-services-auth:1.2.0] AndroidManifest.xml:23:5-42:19
MERGED from [androidx.credentials:credentials-play-services-auth:1.2.0] AndroidManifest.xml:23:5-42:19
MERGED from [com.google.android.gms:play-services-auth:20.7.0] AndroidManifest.xml:22:5-38:19
MERGED from [com.google.android.gms:play-services-auth:20.7.0] AndroidManifest.xml:22:5-38:19
MERGED from [com.google.android.gms:play-services-fido:20.1.0] AndroidManifest.xml:7:5-8:19
MERGED from [com.google.android.gms:play-services-fido:20.1.0] AndroidManifest.xml:7:5-8:19
MERGED from [com.google.android.gms:play-services-base:18.0.1] AndroidManifest.xml:19:5-23:19
MERGED from [com.google.android.gms:play-services-base:18.0.1] AndroidManifest.xml:19:5-23:19
MERGED from [com.google.android.gms:play-services-tasks:18.0.1] AndroidManifest.xml:5:5-20
MERGED from [com.google.android.gms:play-services-tasks:18.0.1] AndroidManifest.xml:5:5-20
MERGED from [com.google.android.gms:play-services-basement:18.2.0] AndroidManifest.xml:20:5-24:19
MERGED from [com.google.android.gms:play-services-basement:18.2.0] AndroidManifest.xml:20:5-24:19
MERGED from [androidx.emoji2:emoji2:1.3.0] AndroidManifest.xml:23:5-33:19
MERGED from [androidx.emoji2:emoji2:1.3.0] AndroidManifest.xml:23:5-33:19
MERGED from [androidx.core:core:1.13.1] AndroidManifest.xml:28:5-89
MERGED from [androidx.core:core:1.13.1] AndroidManifest.xml:28:5-89
MERGED from [androidx.lifecycle:lifecycle-process:2.8.2] AndroidManifest.xml:23:5-33:19
MERGED from [androidx.lifecycle:lifecycle-process:2.8.2] AndroidManifest.xml:23:5-33:19
MERGED from [androidx.versionedparcelable:versionedparcelable:1.1.1] AndroidManifest.xml:24:5-25:19
MERGED from [androidx.versionedparcelable:versionedparcelable:1.1.1] AndroidManifest.xml:24:5-25:19
MERGED from [androidx.profileinstaller:profileinstaller:1.3.1] AndroidManifest.xml:23:5-53:19
MERGED from [androidx.profileinstaller:profileinstaller:1.3.1] AndroidManifest.xml:23:5-53:19
MERGED from [androidx.startup:startup-runtime:1.1.1] AndroidManifest.xml:25:5-31:19
MERGED from [androidx.startup:startup-runtime:1.1.1] AndroidManifest.xml:25:5-31:19
MERGED from [androidx.constraintlayout:constraintlayout:1.1.3] AndroidManifest.xml:9:5-20
MERGED from [androidx.constraintlayout:constraintlayout:1.1.3] AndroidManifest.xml:9:5-20
MERGED from [com.yubico.yubikit:android:2.3.0] AndroidManifest.xml:16:5-27:19
MERGED from [com.yubico.yubikit:android:2.3.0] AndroidManifest.xml:16:5-27:19
	android:extractNativeLibs
		INJECTED from src\main\AndroidManifest.xml
	android:appComponentFactory
		ADDED from [androidx.core:core:1.13.1] AndroidManifest.xml:28:18-86
	android:supportsRtl
		ADDED from src\main\AndroidManifest.xml:10:9-35
	android:label
		ADDED from src\main\AndroidManifest.xml:9:9-31
	android:allowBackup
		ADDED from src\main\AndroidManifest.xml:8:9-35
activity#com.fastmd.android.MainActivity
ADDED from src\main\AndroidManifest.xml:12:9-20:20
	android:exported
		ADDED from src\main\AndroidManifest.xml:14:13-36
	android:theme
		ADDED from src\main\AndroidManifest.xml:15:13-75
	android:name
		ADDED from src\main\AndroidManifest.xml:13:13-41
intent-filter#action:name:android.intent.action.MAIN+category:name:android.intent.category.LAUNCHER
ADDED from src\main\AndroidManifest.xml:16:13-19:29
action#android.intent.action.MAIN
ADDED from src\main\AndroidManifest.xml:17:17-69
	android:name
		ADDED from src\main\AndroidManifest.xml:17:25-66
category#android.intent.category.LAUNCHER
ADDED from src\main\AndroidManifest.xml:18:17-77
	android:name
		ADDED from src\main\AndroidManifest.xml:18:27-74
activity#com.microsoft.identity.client.BrowserTabActivity
ADDED from src\main\AndroidManifest.xml:22:9-34:20
MERGED from [com.microsoft.identity.client:msal:5.0.0] AndroidManifest.xml:31:9-34:39
MERGED from [com.microsoft.identity.client:msal:5.0.0] AndroidManifest.xml:31:9-34:39
	android:exported
		ADDED from src\main\AndroidManifest.xml:24:13-36
	android:configChanges
		ADDED from [com.microsoft.identity.client:msal:5.0.0] AndroidManifest.xml:33:13-106
	android:name
		ADDED from src\main\AndroidManifest.xml:23:13-76
intent-filter#action:name:android.intent.action.VIEW+category:name:android.intent.category.BROWSABLE+category:name:android.intent.category.DEFAULT+data:host:com.fastmd.android+data:path:/signature_hash_here+data:scheme:msauth
ADDED from src\main\AndroidManifest.xml:25:13-33:29
action#android.intent.action.VIEW
ADDED from src\main\AndroidManifest.xml:26:17-69
	android:name
		ADDED from src\main\AndroidManifest.xml:26:25-66
category#android.intent.category.DEFAULT
ADDED from src\main\AndroidManifest.xml:27:17-76
	android:name
		ADDED from src\main\AndroidManifest.xml:27:27-73
category#android.intent.category.BROWSABLE
ADDED from src\main\AndroidManifest.xml:28:17-78
	android:name
		ADDED from src\main\AndroidManifest.xml:28:27-75
data
ADDED from src\main\AndroidManifest.xml:29:17-32:59
	android:path
		ADDED from src\main\AndroidManifest.xml:32:21-56
	android:host
		ADDED from src\main\AndroidManifest.xml:31:21-54
	android:scheme
		ADDED from src\main\AndroidManifest.xml:30:21-44
uses-sdk
INJECTED from src\main\AndroidManifest.xml reason: use-sdk injection requested
INJECTED from src\main\AndroidManifest.xml
INJECTED from src\main\AndroidManifest.xml
MERGED from [com.microsoft.identity.client:msal:5.0.0] AndroidManifest.xml:5:5-44
MERGED from [com.microsoft.identity.client:msal:5.0.0] AndroidManifest.xml:5:5-44
MERGED from [com.microsoft.identity:common:17.0.0] AndroidManifest.xml:5:5-7:151
MERGED from [com.microsoft.identity:common:17.0.0] AndroidManifest.xml:5:5-7:151
MERGED from [androidx.appcompat:appcompat:1.1.0] AndroidManifest.xml:20:5-22:41
MERGED from [androidx.appcompat:appcompat:1.1.0] AndroidManifest.xml:20:5-22:41
MERGED from [androidx.browser:browser:1.0.0] AndroidManifest.xml:20:5-44
MERGED from [androidx.browser:browser:1.0.0] AndroidManifest.xml:20:5-44
MERGED from [androidx.compose.material3:material3-android:1.2.1] AndroidManifest.xml:20:5-44
MERGED from [androidx.compose.material3:material3-android:1.2.1] AndroidManifest.xml:20:5-44
MERGED from [androidx.activity:activity-compose:1.9.0] AndroidManifest.xml:5:5-44
MERGED from [androidx.activity:activity-compose:1.9.0] AndroidManifest.xml:5:5-44
MERGED from [androidx.compose.animation:animation-core-android:1.6.8] AndroidManifest.xml:5:5-44
MERGED from [androidx.compose.animation:animation-core-android:1.6.8] AndroidManifest.xml:5:5-44
MERGED from [androidx.compose.material:material-icons-core-android:1.6.8] AndroidManifest.xml:5:5-44
MERGED from [androidx.compose.material:material-icons-core-android:1.6.8] AndroidManifest.xml:5:5-44
MERGED from [androidx.compose.material:material-ripple-android:1.6.8] AndroidManifest.xml:5:5-44
MERGED from [androidx.compose.material:material-ripple-android:1.6.8] AndroidManifest.xml:5:5-44
MERGED from [androidx.compose.animation:animation-android:1.6.8] AndroidManifest.xml:5:5-44
MERGED from [androidx.compose.animation:animation-android:1.6.8] AndroidManifest.xml:5:5-44
MERGED from [androidx.compose.foundation:foundation-layout-android:1.6.8] AndroidManifest.xml:5:5-44
MERGED from [androidx.compose.foundation:foundation-layout-android:1.6.8] AndroidManifest.xml:5:5-44
MERGED from [androidx.compose.foundation:foundation-android:1.6.8] AndroidManifest.xml:5:5-44
MERGED from [androidx.compose.foundation:foundation-android:1.6.8] AndroidManifest.xml:5:5-44
MERGED from [androidx.compose.ui:ui-unit-android:1.6.8] AndroidManifest.xml:5:5-44
MERGED from [androidx.compose.ui:ui-unit-android:1.6.8] AndroidManifest.xml:5:5-44
MERGED from [androidx.compose.ui:ui-geometry-android:1.6.8] AndroidManifest.xml:5:5-44
MERGED from [androidx.compose.ui:ui-geometry-android:1.6.8] AndroidManifest.xml:5:5-44
MERGED from [androidx.compose.ui:ui-util-android:1.6.8] AndroidManifest.xml:5:5-44
MERGED from [androidx.compose.ui:ui-util-android:1.6.8] AndroidManifest.xml:5:5-44
MERGED from [androidx.compose.ui:ui-text-android:1.6.8] AndroidManifest.xml:5:5-44
MERGED from [androidx.compose.ui:ui-text-android:1.6.8] AndroidManifest.xml:5:5-44
MERGED from [androidx.compose.ui:ui-tooling-preview-android:1.6.8] AndroidManifest.xml:20:5-44
MERGED from [androidx.compose.ui:ui-tooling-preview-android:1.6.8] AndroidManifest.xml:20:5-44
MERGED from [androidx.compose.ui:ui-graphics-android:1.6.8] AndroidManifest.xml:5:5-44
MERGED from [androidx.compose.ui:ui-graphics-android:1.6.8] AndroidManifest.xml:5:5-44
MERGED from [androidx.compose.ui:ui-android:1.6.8] AndroidManifest.xml:5:5-44
MERGED from [androidx.compose.ui:ui-android:1.6.8] AndroidManifest.xml:5:5-44
MERGED from [androidx.activity:activity-ktx:1.9.0] AndroidManifest.xml:5:5-44
MERGED from [androidx.activity:activity-ktx:1.9.0] AndroidManifest.xml:5:5-44
MERGED from [androidx.credentials:credentials:1.2.0] AndroidManifest.xml:5:5-44
MERGED from [androidx.credentials:credentials:1.2.0] AndroidManifest.xml:5:5-44
MERGED from [androidx.credentials:credentials-play-services-auth:1.2.0] AndroidManifest.xml:21:5-44
MERGED from [androidx.credentials:credentials-play-services-auth:1.2.0] AndroidManifest.xml:21:5-44
MERGED from [com.google.android.gms:play-services-auth:20.7.0] AndroidManifest.xml:20:5-44
MERGED from [com.google.android.gms:play-services-auth:20.7.0] AndroidManifest.xml:20:5-44
MERGED from [com.google.android.gms:play-services-fido:20.1.0] AndroidManifest.xml:5:5-44
MERGED from [com.google.android.gms:play-services-fido:20.1.0] AndroidManifest.xml:5:5-44
MERGED from [com.google.android.gms:play-services-auth-api-phone:18.0.1] AndroidManifest.xml:5:5-44
MERGED from [com.google.android.gms:play-services-auth-api-phone:18.0.1] AndroidManifest.xml:5:5-44
MERGED from [com.google.android.gms:play-services-auth-base:18.0.4] AndroidManifest.xml:5:5-44
MERGED from [com.google.android.gms:play-services-auth-base:18.0.4] AndroidManifest.xml:5:5-44
MERGED from [com.google.android.gms:play-services-base:18.0.1] AndroidManifest.xml:18:5-43
MERGED from [com.google.android.gms:play-services-base:18.0.1] AndroidManifest.xml:18:5-43
MERGED from [com.google.android.gms:play-services-tasks:18.0.1] AndroidManifest.xml:4:5-43
MERGED from [com.google.android.gms:play-services-tasks:18.0.1] AndroidManifest.xml:4:5-43
MERGED from [com.google.android.gms:play-services-basement:18.2.0] AndroidManifest.xml:18:5-43
MERGED from [com.google.android.gms:play-services-basement:18.2.0] AndroidManifest.xml:18:5-43
MERGED from [androidx.fragment:fragment:1.3.2] AndroidManifest.xml:20:5-22:41
MERGED from [androidx.fragment:fragment:1.3.2] AndroidManifest.xml:20:5-22:41
MERGED from [androidx.activity:activity:1.9.0] AndroidManifest.xml:20:5-44
MERGED from [androidx.activity:activity:1.9.0] AndroidManifest.xml:20:5-44
MERGED from [androidx.appcompat:appcompat-resources:1.1.0] AndroidManifest.xml:20:5-22:41
MERGED from [androidx.appcompat:appcompat-resources:1.1.0] AndroidManifest.xml:20:5-22:41
MERGED from [androidx.legacy:legacy-support-core-ui:1.0.0] AndroidManifest.xml:20:5-44
MERGED from [androidx.legacy:legacy-support-core-ui:1.0.0] AndroidManifest.xml:20:5-44
MERGED from [androidx.drawerlayout:drawerlayout:1.0.0] AndroidManifest.xml:20:5-44
MERGED from [androidx.drawerlayout:drawerlayout:1.0.0] AndroidManifest.xml:20:5-44
MERGED from [androidx.autofill:autofill:1.0.0] AndroidManifest.xml:20:5-22:41
MERGED from [androidx.autofill:autofill:1.0.0] AndroidManifest.xml:20:5-22:41
MERGED from [androidx.vectordrawable:vectordrawable-animated:1.1.0] AndroidManifest.xml:20:5-22:41
MERGED from [androidx.vectordrawable:vectordrawable-animated:1.1.0] AndroidManifest.xml:20:5-22:41
MERGED from [androidx.vectordrawable:vectordrawable:1.1.0] AndroidManifest.xml:20:5-22:41
MERGED from [androidx.vectordrawable:vectordrawable:1.1.0] AndroidManifest.xml:20:5-22:41
MERGED from [androidx.viewpager:viewpager:1.0.0] AndroidManifest.xml:20:5-44
MERGED from [androidx.viewpager:viewpager:1.0.0] AndroidManifest.xml:20:5-44
MERGED from [androidx.coordinatorlayout:coordinatorlayout:1.0.0] AndroidManifest.xml:20:5-44
MERGED from [androidx.coordinatorlayout:coordinatorlayout:1.0.0] AndroidManifest.xml:20:5-44
MERGED from [androidx.slidingpanelayout:slidingpanelayout:1.0.0] AndroidManifest.xml:20:5-44
MERGED from [androidx.slidingpanelayout:slidingpanelayout:1.0.0] AndroidManifest.xml:20:5-44
MERGED from [androidx.customview:customview:1.0.0] AndroidManifest.xml:20:5-44
MERGED from [androidx.customview:customview:1.0.0] AndroidManifest.xml:20:5-44
MERGED from [androidx.legacy:legacy-support-core-utils:1.0.0] AndroidManifest.xml:20:5-44
MERGED from [androidx.legacy:legacy-support-core-utils:1.0.0] AndroidManifest.xml:20:5-44
MERGED from [androidx.swiperefreshlayout:swiperefreshlayout:1.0.0] AndroidManifest.xml:20:5-44
MERGED from [androidx.swiperefreshlayout:swiperefreshlayout:1.0.0] AndroidManifest.xml:20:5-44
MERGED from [androidx.asynclayoutinflater:asynclayoutinflater:1.0.0] AndroidManifest.xml:20:5-44
MERGED from [androidx.asynclayoutinflater:asynclayoutinflater:1.0.0] AndroidManifest.xml:20:5-44
MERGED from [androidx.loader:loader:1.0.0] AndroidManifest.xml:20:5-44
MERGED from [androidx.loader:loader:1.0.0] AndroidManifest.xml:20:5-44
MERGED from [androidx.emoji2:emoji2:1.3.0] AndroidManifest.xml:21:5-44
MERGED from [androidx.emoji2:emoji2:1.3.0] AndroidManifest.xml:21:5-44
MERGED from [androidx.core:core:1.13.1] AndroidManifest.xml:20:5-44
MERGED from [androidx.core:core:1.13.1] AndroidManifest.xml:20:5-44
MERGED from [androidx.savedstate:savedstate-ktx:1.2.1] AndroidManifest.xml:20:5-44
MERGED from [androidx.savedstate:savedstate-ktx:1.2.1] AndroidManifest.xml:20:5-44
MERGED from [androidx.savedstate:savedstate:1.2.1] AndroidManifest.xml:20:5-44
MERGED from [androidx.savedstate:savedstate:1.2.1] AndroidManifest.xml:20:5-44
MERGED from [androidx.lifecycle:lifecycle-process:2.8.2] AndroidManifest.xml:21:5-44
MERGED from [androidx.lifecycle:lifecycle-process:2.8.2] AndroidManifest.xml:21:5-44
MERGED from [androidx.lifecycle:lifecycle-livedata-core-ktx:2.8.2] AndroidManifest.xml:5:5-44
MERGED from [androidx.lifecycle:lifecycle-livedata-core-ktx:2.8.2] AndroidManifest.xml:5:5-44
MERGED from [androidx.lifecycle:lifecycle-livedata:2.8.2] AndroidManifest.xml:20:5-44
MERGED from [androidx.lifecycle:lifecycle-livedata:2.8.2] AndroidManifest.xml:20:5-44
MERGED from [androidx.lifecycle:lifecycle-livedata-core:2.8.2] AndroidManifest.xml:20:5-44
MERGED from [androidx.lifecycle:lifecycle-livedata-core:2.8.2] AndroidManifest.xml:20:5-44
MERGED from [androidx.lifecycle:lifecycle-viewmodel:2.8.2] AndroidManifest.xml:4:5-43
MERGED from [androidx.lifecycle:lifecycle-viewmodel:2.8.2] AndroidManifest.xml:4:5-43
MERGED from [androidx.lifecycle:lifecycle-viewmodel-android:2.8.2] AndroidManifest.xml:20:5-44
MERGED from [androidx.lifecycle:lifecycle-viewmodel-android:2.8.2] AndroidManifest.xml:20:5-44
MERGED from [androidx.lifecycle:lifecycle-runtime-android:2.8.2] AndroidManifest.xml:20:5-44
MERGED from [androidx.lifecycle:lifecycle-runtime-android:2.8.2] AndroidManifest.xml:20:5-44
MERGED from [androidx.lifecycle:lifecycle-viewmodel-ktx:2.8.2] AndroidManifest.xml:5:5-44
MERGED from [androidx.lifecycle:lifecycle-viewmodel-ktx:2.8.2] AndroidManifest.xml:5:5-44
MERGED from [androidx.lifecycle:lifecycle-runtime-ktx-android:2.8.2] AndroidManifest.xml:5:5-44
MERGED from [androidx.lifecycle:lifecycle-runtime-ktx-android:2.8.2] AndroidManifest.xml:5:5-44
MERGED from [androidx.lifecycle:lifecycle-viewmodel-savedstate:2.8.2] AndroidManifest.xml:20:5-44
MERGED from [androidx.lifecycle:lifecycle-viewmodel-savedstate:2.8.2] AndroidManifest.xml:20:5-44
MERGED from [androidx.customview:customview-poolingcontainer:1.0.0] AndroidManifest.xml:20:5-21:38
MERGED from [androidx.customview:customview-poolingcontainer:1.0.0] AndroidManifest.xml:20:5-21:38
MERGED from [androidx.core:core-ktx:1.13.1] AndroidManifest.xml:5:5-44
MERGED from [androidx.core:core-ktx:1.13.1] AndroidManifest.xml:5:5-44
MERGED from [androidx.annotation:annotation-experimental:1.4.0] AndroidManifest.xml:5:5-44
MERGED from [androidx.annotation:annotation-experimental:1.4.0] AndroidManifest.xml:5:5-44
MERGED from [androidx.compose.runtime:runtime-saveable-android:1.6.8] AndroidManifest.xml:5:5-44
MERGED from [androidx.compose.runtime:runtime-saveable-android:1.6.8] AndroidManifest.xml:5:5-44
MERGED from [androidx.compose.runtime:runtime-android:1.6.8] AndroidManifest.xml:5:5-44
MERGED from [androidx.compose.runtime:runtime-android:1.6.8] AndroidManifest.xml:5:5-44
MERGED from [androidx.datastore:datastore-preferences:1.0.0] AndroidManifest.xml:20:5-22:41
MERGED from [androidx.datastore:datastore-preferences:1.0.0] AndroidManifest.xml:20:5-22:41
MERGED from [androidx.interpolator:interpolator:1.0.0] AndroidManifest.xml:20:5-44
MERGED from [androidx.interpolator:interpolator:1.0.0] AndroidManifest.xml:20:5-44
MERGED from [androidx.versionedparcelable:versionedparcelable:1.1.1] AndroidManifest.xml:20:5-22:41
MERGED from [androidx.versionedparcelable:versionedparcelable:1.1.1] AndroidManifest.xml:20:5-22:41
MERGED from [androidx.cursoradapter:cursoradapter:1.0.0] AndroidManifest.xml:20:5-44
MERGED from [androidx.cursoradapter:cursoradapter:1.0.0] AndroidManifest.xml:20:5-44
MERGED from [androidx.profileinstaller:profileinstaller:1.3.1] AndroidManifest.xml:21:5-44
MERGED from [androidx.profileinstaller:profileinstaller:1.3.1] AndroidManifest.xml:21:5-44
MERGED from [androidx.startup:startup-runtime:1.1.1] AndroidManifest.xml:21:5-23:41
MERGED from [androidx.startup:startup-runtime:1.1.1] AndroidManifest.xml:21:5-23:41
MERGED from [androidx.tracing:tracing:1.0.0] AndroidManifest.xml:20:5-22:41
MERGED from [androidx.tracing:tracing:1.0.0] AndroidManifest.xml:20:5-22:41
MERGED from [androidx.datastore:datastore:1.0.0] AndroidManifest.xml:20:5-22:41
MERGED from [androidx.datastore:datastore:1.0.0] AndroidManifest.xml:20:5-22:41
MERGED from [androidx.arch.core:core-runtime:2.2.0] AndroidManifest.xml:20:5-44
MERGED from [androidx.arch.core:core-runtime:2.2.0] AndroidManifest.xml:20:5-44
MERGED from [androidx.documentfile:documentfile:1.0.0] AndroidManifest.xml:20:5-44
MERGED from [androidx.documentfile:documentfile:1.0.0] AndroidManifest.xml:20:5-44
MERGED from [androidx.localbroadcastmanager:localbroadcastmanager:1.0.0] AndroidManifest.xml:20:5-44
MERGED from [androidx.localbroadcastmanager:localbroadcastmanager:1.0.0] AndroidManifest.xml:20:5-44
MERGED from [androidx.print:print:1.0.0] AndroidManifest.xml:20:5-44
MERGED from [androidx.print:print:1.0.0] AndroidManifest.xml:20:5-44
MERGED from [com.google.android.libraries.identity.googleid:googleid:1.1.0] AndroidManifest.xml:5:5-44
MERGED from [com.google.android.libraries.identity.googleid:googleid:1.1.0] AndroidManifest.xml:5:5-44
MERGED from [androidx.constraintlayout:constraintlayout:1.1.3] AndroidManifest.xml:5:5-7:41
MERGED from [androidx.constraintlayout:constraintlayout:1.1.3] AndroidManifest.xml:5:5-7:41
MERGED from [com.yubico.yubikit:android:2.3.0] AndroidManifest.xml:5:5-44
MERGED from [com.yubico.yubikit:android:2.3.0] AndroidManifest.xml:5:5-44
	tools:overrideLibrary
		ADDED from [com.microsoft.identity:common:17.0.0] AndroidManifest.xml:7:9-148
	android:targetSdkVersion
		INJECTED from src\main\AndroidManifest.xml
	android:minSdkVersion
		INJECTED from src\main\AndroidManifest.xml
activity#com.microsoft.identity.common.internal.providers.oauth2.AuthorizationActivity
ADDED from [com.microsoft.identity.client:msal:5.0.0] AndroidManifest.xml:13:9-17:47
MERGED from [com.microsoft.identity:common:17.0.0] AndroidManifest.xml:46:9-48:118
MERGED from [com.microsoft.identity:common:17.0.0] AndroidManifest.xml:46:9-48:118
	android:launchMode
		ADDED from [com.microsoft.identity.client:msal:5.0.0] AndroidManifest.xml:17:13-44
	android:exported
		ADDED from [com.microsoft.identity.client:msal:5.0.0] AndroidManifest.xml:16:13-37
	android:configChanges
		ADDED from [com.microsoft.identity.client:msal:5.0.0] AndroidManifest.xml:15:13-115
	android:name
		ADDED from [com.microsoft.identity.client:msal:5.0.0] AndroidManifest.xml:14:13-105
activity#com.microsoft.identity.common.internal.providers.oauth2.CurrentTaskAuthorizationActivity
ADDED from [com.microsoft.identity.client:msal:5.0.0] AndroidManifest.xml:18:9-22:45
MERGED from [com.microsoft.identity:common:17.0.0] AndroidManifest.xml:49:9-51:118
MERGED from [com.microsoft.identity:common:17.0.0] AndroidManifest.xml:49:9-51:118
	android:launchMode
		ADDED from [com.microsoft.identity.client:msal:5.0.0] AndroidManifest.xml:22:13-42
	android:exported
		ADDED from [com.microsoft.identity.client:msal:5.0.0] AndroidManifest.xml:21:13-37
	android:configChanges
		ADDED from [com.microsoft.identity.client:msal:5.0.0] AndroidManifest.xml:20:13-115
	android:name
		ADDED from [com.microsoft.identity.client:msal:5.0.0] AndroidManifest.xml:19:13-116
activity#com.microsoft.identity.client.helper.BrokerHelperActivity